<?xml version="1.0" encoding="UTF-8"?>
<testng-results ignored="0" total="84" passed="77" failed="7" skipped="0">
  <reporter-output>
  </reporter-output>
  <suite started-at="2024-06-25T17:38:52 EDT" name="Default suite" finished-at="2024-06-25T17:39:54 EDT" duration-ms="61884">
    <groups>
      <group name="cucumber">
        <method signature="AbstractTestNGCucumberTests.runScenario(io.cucumber.testng.PickleWrapper,io.cucumber.testng.FeatureWrapper)[pri:0, instance:user.runner.TestRunner@17503f6b]" name="runScenario" class="io.cucumber.testng.AbstractTestNGCucumberTests"/>
      </group> <!-- cucumber -->
    </groups>
    <test started-at="2024-06-25T17:38:52 EDT" name="Default test" finished-at="2024-06-25T17:39:54 EDT" duration-ms="61884">
      <class name="user.runner.TestRunner">
        <test-method is-config="true" signature="setUpClass(org.testng.ITestContext)[pri:0, instance:user.runner.TestRunner@17503f6b]" started-at="2024-06-25T17:38:52 EDT" name="setUpClass" finished-at="2024-06-25T17:38:53 EDT" duration-ms="1388" status="PASS">
          <params>
            <param index="0">
              <value>
                <![CDATA[org.testng.TestRunner@6e0d619b]]>
              </value>
            </param>
          </params>
          <reporter-output>
          </reporter-output>
        </test-method> <!-- setUpClass -->
        <test-method signature="runScenario(io.cucumber.testng.PickleWrapper,io.cucumber.testng.FeatureWrapper)[pri:0, instance:user.runner.TestRunner@17503f6b]" started-at="2024-06-25T17:38:53 EDT" name="runScenario" description="Runs Cucumber Scenarios" data-provider="scenarios" finished-at="2024-06-25T17:39:01 EDT" duration-ms="8070" status="PASS">
          <params>
            <param index="0">
              <value>
                <![CDATA["Verify that the Admin creates a new User with valid credentials"]]>
              </value>
            </param>
            <param index="1">
              <value>
                <![CDATA["User API end to end positive scenarios"]]>
              </value>
            </param>
          </params>
          <reporter-output>
          </reporter-output>
        </test-method> <!-- runScenario -->
        <test-method signature="runScenario(io.cucumber.testng.PickleWrapper,io.cucumber.testng.FeatureWrapper)[pri:0, instance:user.runner.TestRunner@17503f6b]" started-at="2024-06-25T17:39:01 EDT" name="runScenario" description="Runs Cucumber Scenarios" data-provider="scenarios" finished-at="2024-06-25T17:39:03 EDT" duration-ms="1237" status="PASS">
          <params>
            <param index="0">
              <value>
                <![CDATA["Check if Admin able to retrieve all user details with valid endpoint and valid authorization"]]>
              </value>
            </param>
            <param index="1">
              <value>
                <![CDATA["User API end to end positive scenarios"]]>
              </value>
            </param>
          </params>
          <reporter-output>
          </reporter-output>
        </test-method> <!-- runScenario -->
        <test-method signature="runScenario(io.cucumber.testng.PickleWrapper,io.cucumber.testng.FeatureWrapper)[pri:0, instance:user.runner.TestRunner@17503f6b]" started-at="2024-06-25T17:39:03 EDT" name="runScenario" description="Runs Cucumber Scenarios" data-provider="scenarios" finished-at="2024-06-25T17:39:03 EDT" duration-ms="668" status="PASS">
          <params>
            <param index="0">
              <value>
                <![CDATA["Check if Admin able to retrieve user details with  valid Id"]]>
              </value>
            </param>
            <param index="1">
              <value>
                <![CDATA["User API end to end positive scenarios"]]>
              </value>
            </param>
          </params>
          <reporter-output>
          </reporter-output>
        </test-method> <!-- runScenario -->
        <test-method signature="runScenario(io.cucumber.testng.PickleWrapper,io.cucumber.testng.FeatureWrapper)[pri:0, instance:user.runner.TestRunner@17503f6b]" started-at="2024-06-25T17:39:03 EDT" name="runScenario" description="Runs Cucumber Scenarios" data-provider="scenarios" finished-at="2024-06-25T17:39:04 EDT" duration-ms="508" status="PASS">
          <params>
            <param index="0">
              <value>
                <![CDATA["Verify if Admin retrieves  user details with valid user first name"]]>
              </value>
            </param>
            <param index="1">
              <value>
                <![CDATA["User API end to end positive scenarios"]]>
              </value>
            </param>
          </params>
          <reporter-output>
          </reporter-output>
        </test-method> <!-- runScenario -->
        <test-method signature="runScenario(io.cucumber.testng.PickleWrapper,io.cucumber.testng.FeatureWrapper)[pri:0, instance:user.runner.TestRunner@17503f6b]" started-at="2024-06-25T17:39:04 EDT" name="runScenario" description="Runs Cucumber Scenarios" data-provider="scenarios" finished-at="2024-06-25T17:39:05 EDT" duration-ms="941" status="PASS">
          <params>
            <param index="0">
              <value>
                <![CDATA["Check if Admin able to update user details with valid userId and valid request body"]]>
              </value>
            </param>
            <param index="1">
              <value>
                <![CDATA["User API end to end positive scenarios"]]>
              </value>
            </param>
          </params>
          <reporter-output>
          </reporter-output>
        </test-method> <!-- runScenario -->
        <test-method signature="runScenario(io.cucumber.testng.PickleWrapper,io.cucumber.testng.FeatureWrapper)[pri:0, instance:user.runner.TestRunner@17503f6b]" started-at="2024-06-25T17:39:05 EDT" name="runScenario" description="Runs Cucumber Scenarios" data-provider="scenarios" finished-at="2024-06-25T17:39:05 EDT" duration-ms="476" status="PASS">
          <params>
            <param index="0">
              <value>
                <![CDATA["Admin able to delete a user with valid userId"]]>
              </value>
            </param>
            <param index="1">
              <value>
                <![CDATA["User API end to end positive scenarios"]]>
              </value>
            </param>
          </params>
          <reporter-output>
          </reporter-output>
        </test-method> <!-- runScenario -->
        <test-method signature="runScenario(io.cucumber.testng.PickleWrapper,io.cucumber.testng.FeatureWrapper)[pri:0, instance:user.runner.TestRunner@17503f6b]" started-at="2024-06-25T17:39:05 EDT" name="runScenario" description="Runs Cucumber Scenarios" data-provider="scenarios" finished-at="2024-06-25T17:39:06 EDT" duration-ms="681" status="PASS">
          <params>
            <param index="0">
              <value>
                <![CDATA["Check User creation with invalid data"]]>
              </value>
            </param>
            <param index="1">
              <value>
                <![CDATA["User Negative Scenarios"]]>
              </value>
            </param>
          </params>
          <reporter-output>
          </reporter-output>
        </test-method> <!-- runScenario -->
        <test-method signature="runScenario(io.cucumber.testng.PickleWrapper,io.cucumber.testng.FeatureWrapper)[pri:0, instance:user.runner.TestRunner@17503f6b]" started-at="2024-06-25T17:39:06 EDT" name="runScenario" description="Runs Cucumber Scenarios" data-provider="scenarios" finished-at="2024-06-25T17:39:07 EDT" duration-ms="639" status="PASS">
          <params>
            <param index="0">
              <value>
                <![CDATA["Check User creation with invalid data"]]>
              </value>
            </param>
            <param index="1">
              <value>
                <![CDATA["User Negative Scenarios"]]>
              </value>
            </param>
          </params>
          <reporter-output>
          </reporter-output>
        </test-method> <!-- runScenario -->
        <test-method signature="runScenario(io.cucumber.testng.PickleWrapper,io.cucumber.testng.FeatureWrapper)[pri:0, instance:user.runner.TestRunner@17503f6b]" started-at="2024-06-25T17:39:07 EDT" name="runScenario" description="Runs Cucumber Scenarios" data-provider="scenarios" finished-at="2024-06-25T17:39:07 EDT" duration-ms="575" status="PASS">
          <params>
            <param index="0">
              <value>
                <![CDATA["Check User creation with invalid data"]]>
              </value>
            </param>
            <param index="1">
              <value>
                <![CDATA["User Negative Scenarios"]]>
              </value>
            </param>
          </params>
          <reporter-output>
          </reporter-output>
        </test-method> <!-- runScenario -->
        <test-method signature="runScenario(io.cucumber.testng.PickleWrapper,io.cucumber.testng.FeatureWrapper)[pri:0, instance:user.runner.TestRunner@17503f6b]" started-at="2024-06-25T17:39:07 EDT" name="runScenario" description="Runs Cucumber Scenarios" data-provider="scenarios" finished-at="2024-06-25T17:39:08 EDT" duration-ms="616" status="PASS">
          <params>
            <param index="0">
              <value>
                <![CDATA["Check User creation with invalid data"]]>
              </value>
            </param>
            <param index="1">
              <value>
                <![CDATA["User Negative Scenarios"]]>
              </value>
            </param>
          </params>
          <reporter-output>
          </reporter-output>
        </test-method> <!-- runScenario -->
        <test-method signature="runScenario(io.cucumber.testng.PickleWrapper,io.cucumber.testng.FeatureWrapper)[pri:0, instance:user.runner.TestRunner@17503f6b]" started-at="2024-06-25T17:39:08 EDT" name="runScenario" description="Runs Cucumber Scenarios" data-provider="scenarios" finished-at="2024-06-25T17:39:09 EDT" duration-ms="854" status="PASS">
          <params>
            <param index="0">
              <value>
                <![CDATA["Check User creation with invalid data"]]>
              </value>
            </param>
            <param index="1">
              <value>
                <![CDATA["User Negative Scenarios"]]>
              </value>
            </param>
          </params>
          <reporter-output>
          </reporter-output>
        </test-method> <!-- runScenario -->
        <test-method signature="runScenario(io.cucumber.testng.PickleWrapper,io.cucumber.testng.FeatureWrapper)[pri:0, instance:user.runner.TestRunner@17503f6b]" started-at="2024-06-25T17:39:09 EDT" name="runScenario" description="Runs Cucumber Scenarios" data-provider="scenarios" finished-at="2024-06-25T17:39:09 EDT" duration-ms="550" status="PASS">
          <params>
            <param index="0">
              <value>
                <![CDATA["Check User creation with invalid data"]]>
              </value>
            </param>
            <param index="1">
              <value>
                <![CDATA["User Negative Scenarios"]]>
              </value>
            </param>
          </params>
          <reporter-output>
          </reporter-output>
        </test-method> <!-- runScenario -->
        <test-method signature="runScenario(io.cucumber.testng.PickleWrapper,io.cucumber.testng.FeatureWrapper)[pri:0, instance:user.runner.TestRunner@17503f6b]" started-at="2024-06-25T17:39:09 EDT" name="runScenario" description="Runs Cucumber Scenarios" data-provider="scenarios" finished-at="2024-06-25T17:39:10 EDT" duration-ms="572" status="PASS">
          <params>
            <param index="0">
              <value>
                <![CDATA["Check User creation with invalid data"]]>
              </value>
            </param>
            <param index="1">
              <value>
                <![CDATA["User Negative Scenarios"]]>
              </value>
            </param>
          </params>
          <reporter-output>
          </reporter-output>
        </test-method> <!-- runScenario -->
        <test-method signature="runScenario(io.cucumber.testng.PickleWrapper,io.cucumber.testng.FeatureWrapper)[pri:0, instance:user.runner.TestRunner@17503f6b]" started-at="2024-06-25T17:39:10 EDT" name="runScenario" description="Runs Cucumber Scenarios" data-provider="scenarios" finished-at="2024-06-25T17:39:10 EDT" duration-ms="543" status="PASS">
          <params>
            <param index="0">
              <value>
                <![CDATA["Check User creation with invalid data"]]>
              </value>
            </param>
            <param index="1">
              <value>
                <![CDATA["User Negative Scenarios"]]>
              </value>
            </param>
          </params>
          <reporter-output>
          </reporter-output>
        </test-method> <!-- runScenario -->
        <test-method signature="runScenario(io.cucumber.testng.PickleWrapper,io.cucumber.testng.FeatureWrapper)[pri:0, instance:user.runner.TestRunner@17503f6b]" started-at="2024-06-25T17:39:10 EDT" name="runScenario" description="Runs Cucumber Scenarios" data-provider="scenarios" finished-at="2024-06-25T17:39:11 EDT" duration-ms="597" status="PASS">
          <params>
            <param index="0">
              <value>
                <![CDATA["Check User creation with invalid data"]]>
              </value>
            </param>
            <param index="1">
              <value>
                <![CDATA["User Negative Scenarios"]]>
              </value>
            </param>
          </params>
          <reporter-output>
          </reporter-output>
        </test-method> <!-- runScenario -->
        <test-method signature="runScenario(io.cucumber.testng.PickleWrapper,io.cucumber.testng.FeatureWrapper)[pri:0, instance:user.runner.TestRunner@17503f6b]" started-at="2024-06-25T17:39:11 EDT" name="runScenario" description="Runs Cucumber Scenarios" data-provider="scenarios" finished-at="2024-06-25T17:39:12 EDT" duration-ms="688" status="PASS">
          <params>
            <param index="0">
              <value>
                <![CDATA["Check User creation with invalid data"]]>
              </value>
            </param>
            <param index="1">
              <value>
                <![CDATA["User Negative Scenarios"]]>
              </value>
            </param>
          </params>
          <reporter-output>
          </reporter-output>
        </test-method> <!-- runScenario -->
        <test-method signature="runScenario(io.cucumber.testng.PickleWrapper,io.cucumber.testng.FeatureWrapper)[pri:0, instance:user.runner.TestRunner@17503f6b]" started-at="2024-06-25T17:39:12 EDT" name="runScenario" description="Runs Cucumber Scenarios" data-provider="scenarios" finished-at="2024-06-25T17:39:12 EDT" duration-ms="86" status="FAIL">
          <params>
            <param index="0">
              <value>
                <![CDATA["Check User creation with invalid data"]]>
              </value>
            </param>
            <param index="1">
              <value>
                <![CDATA["User Negative Scenarios"]]>
              </value>
            </param>
          </params>
          <exception class="java.lang.NumberFormatException">
            <message>
              <![CDATA[For input string: "$%^^&&&$"]]>
            </message>
            <full-stacktrace>
              <![CDATA[java.lang.NumberFormatException: For input string: "$%^^&&&$"
at java.base/java.lang.NumberFormatException.forInputString(NumberFormatException.java:67)
at java.base/java.lang.Long.parseLong(Long.java:694)
at java.base/java.lang.Long.parseLong(Long.java:831)
at user.stepDefinitions.User_StepDefinitions.admin_sends_post_request_with_invalid_data_from_sheet_and_rownum(User_StepDefinitions.java:174)
at ✽.Admin sends post request with invalid data from sheet "InvalidData" and rownum 10(file:///C:/Users/sudha/Desktop/Eclipse%20backup/UserAPI/src/test/resources/features/UserNegativeScenarios.feature:6)
]]>
            </full-stacktrace>
          </exception> <!-- java.lang.NumberFormatException -->
          <reporter-output>
          </reporter-output>
        </test-method> <!-- runScenario -->
        <test-method signature="runScenario(io.cucumber.testng.PickleWrapper,io.cucumber.testng.FeatureWrapper)[pri:0, instance:user.runner.TestRunner@17503f6b]" started-at="2024-06-25T17:39:12 EDT" name="runScenario" description="Runs Cucumber Scenarios" data-provider="scenarios" finished-at="2024-06-25T17:39:12 EDT" duration-ms="57" status="FAIL">
          <params>
            <param index="0">
              <value>
                <![CDATA["Check User creation with invalid data"]]>
              </value>
            </param>
            <param index="1">
              <value>
                <![CDATA["User Negative Scenarios"]]>
              </value>
            </param>
          </params>
          <exception class="java.lang.NumberFormatException">
            <message>
              <![CDATA[For input string: ""]]>
            </message>
            <full-stacktrace>
              <![CDATA[java.lang.NumberFormatException: For input string: ""
at java.base/java.lang.NumberFormatException.forInputString(NumberFormatException.java:67)
at java.base/java.lang.Long.parseLong(Long.java:718)
at java.base/java.lang.Long.parseLong(Long.java:831)
at user.stepDefinitions.User_StepDefinitions.admin_sends_post_request_with_invalid_data_from_sheet_and_rownum(User_StepDefinitions.java:174)
at ✽.Admin sends post request with invalid data from sheet "InvalidData" and rownum 11(file:///C:/Users/sudha/Desktop/Eclipse%20backup/UserAPI/src/test/resources/features/UserNegativeScenarios.feature:6)
]]>
            </full-stacktrace>
          </exception> <!-- java.lang.NumberFormatException -->
          <reporter-output>
          </reporter-output>
        </test-method> <!-- runScenario -->
        <test-method signature="runScenario(io.cucumber.testng.PickleWrapper,io.cucumber.testng.FeatureWrapper)[pri:0, instance:user.runner.TestRunner@17503f6b]" started-at="2024-06-25T17:39:12 EDT" name="runScenario" description="Runs Cucumber Scenarios" data-provider="scenarios" finished-at="2024-06-25T17:39:13 EDT" duration-ms="776" status="PASS">
          <params>
            <param index="0">
              <value>
                <![CDATA["Check User creation with invalid data"]]>
              </value>
            </param>
            <param index="1">
              <value>
                <![CDATA["User Negative Scenarios"]]>
              </value>
            </param>
          </params>
          <reporter-output>
          </reporter-output>
        </test-method> <!-- runScenario -->
        <test-method signature="runScenario(io.cucumber.testng.PickleWrapper,io.cucumber.testng.FeatureWrapper)[pri:0, instance:user.runner.TestRunner@17503f6b]" started-at="2024-06-25T17:39:13 EDT" name="runScenario" description="Runs Cucumber Scenarios" data-provider="scenarios" finished-at="2024-06-25T17:39:13 EDT" duration-ms="141" status="FAIL">
          <params>
            <param index="0">
              <value>
                <![CDATA["Check User creation with invalid data"]]>
              </value>
            </param>
            <param index="1">
              <value>
                <![CDATA["User Negative Scenarios"]]>
              </value>
            </param>
          </params>
          <exception class="java.lang.NumberFormatException">
            <message>
              <![CDATA[For input string: "abcd40670"]]>
            </message>
            <full-stacktrace>
              <![CDATA[java.lang.NumberFormatException: For input string: "abcd40670"
at java.base/java.lang.NumberFormatException.forInputString(NumberFormatException.java:67)
at java.base/java.lang.Long.parseLong(Long.java:708)
at java.base/java.lang.Long.parseLong(Long.java:831)
at user.stepDefinitions.User_StepDefinitions.admin_sends_post_request_with_invalid_data_from_sheet_and_rownum(User_StepDefinitions.java:174)
at ✽.Admin sends post request with invalid data from sheet "InvalidData" and rownum 13(file:///C:/Users/sudha/Desktop/Eclipse%20backup/UserAPI/src/test/resources/features/UserNegativeScenarios.feature:6)
]]>
            </full-stacktrace>
          </exception> <!-- java.lang.NumberFormatException -->
          <reporter-output>
          </reporter-output>
        </test-method> <!-- runScenario -->
        <test-method signature="runScenario(io.cucumber.testng.PickleWrapper,io.cucumber.testng.FeatureWrapper)[pri:0, instance:user.runner.TestRunner@17503f6b]" started-at="2024-06-25T17:39:13 EDT" name="runScenario" description="Runs Cucumber Scenarios" data-provider="scenarios" finished-at="2024-06-25T17:39:14 EDT" duration-ms="896" status="PASS">
          <params>
            <param index="0">
              <value>
                <![CDATA["Check User creation with invalid data"]]>
              </value>
            </param>
            <param index="1">
              <value>
                <![CDATA["User Negative Scenarios"]]>
              </value>
            </param>
          </params>
          <reporter-output>
          </reporter-output>
        </test-method> <!-- runScenario -->
        <test-method signature="runScenario(io.cucumber.testng.PickleWrapper,io.cucumber.testng.FeatureWrapper)[pri:0, instance:user.runner.TestRunner@17503f6b]" started-at="2024-06-25T17:39:14 EDT" name="runScenario" description="Runs Cucumber Scenarios" data-provider="scenarios" finished-at="2024-06-25T17:39:14 EDT" duration-ms="495" status="PASS">
          <params>
            <param index="0">
              <value>
                <![CDATA["Check User creation with invalid data"]]>
              </value>
            </param>
            <param index="1">
              <value>
                <![CDATA["User Negative Scenarios"]]>
              </value>
            </param>
          </params>
          <reporter-output>
          </reporter-output>
        </test-method> <!-- runScenario -->
        <test-method signature="runScenario(io.cucumber.testng.PickleWrapper,io.cucumber.testng.FeatureWrapper)[pri:0, instance:user.runner.TestRunner@17503f6b]" started-at="2024-06-25T17:39:14 EDT" name="runScenario" description="Runs Cucumber Scenarios" data-provider="scenarios" finished-at="2024-06-25T17:39:15 EDT" duration-ms="624" status="FAIL">
          <params>
            <param index="0">
              <value>
                <![CDATA["Check User creation with invalid data"]]>
              </value>
            </param>
            <param index="1">
              <value>
                <![CDATA["User Negative Scenarios"]]>
              </value>
            </param>
          </params>
          <exception class="java.lang.AssertionError">
            <message>
              <![CDATA[1 expectation failed.
Expected status code <400> but was <201>.
]]>
            </message>
            <full-stacktrace>
              <![CDATA[java.lang.AssertionError: 1 expectation failed.
Expected status code <400> but was <201>.

at java.base/jdk.internal.reflect.DirectConstructorHandleAccessor.newInstance(DirectConstructorHandleAccessor.java:67)
at java.base/java.lang.reflect.Constructor.newInstanceWithCaller(Constructor.java:500)
at java.base/java.lang.reflect.Constructor.newInstance(Constructor.java:484)
at org.codehaus.groovy.reflection.CachedConstructor.invoke(CachedConstructor.java:73)
at org.codehaus.groovy.runtime.callsite.ConstructorSite$ConstructorSiteNoUnwrapNoCoerce.callConstructor(ConstructorSite.java:108)
at org.codehaus.groovy.runtime.callsite.CallSiteArray.defaultCallConstructor(CallSiteArray.java:57)
at org.codehaus.groovy.runtime.callsite.AbstractCallSite.callConstructor(AbstractCallSite.java:263)
at org.codehaus.groovy.runtime.callsite.AbstractCallSite.callConstructor(AbstractCallSite.java:277)
at io.restassured.internal.ResponseSpecificationImpl$HamcrestAssertionClosure.validate(ResponseSpecificationImpl.groovy:512)
at io.restassured.internal.ResponseSpecificationImpl$HamcrestAssertionClosure$validate$1.call(Unknown Source)
at io.restassured.internal.ResponseSpecificationImpl.validateResponseIfRequired(ResponseSpecificationImpl.groovy:696)
at io.restassured.internal.ResponseSpecificationImpl.this$2$validateResponseIfRequired(ResponseSpecificationImpl.groovy)
at java.base/jdk.internal.reflect.DirectMethodHandleAccessor.invoke(DirectMethodHandleAccessor.java:104)
at java.base/java.lang.reflect.Method.invoke(Method.java:578)
at org.codehaus.groovy.runtime.callsite.PlainObjectMetaMethodSite.doInvoke(PlainObjectMetaMethodSite.java:43)
at org.codehaus.groovy.runtime.callsite.PogoMetaMethodSite$PogoCachedMethodSiteNoUnwrapNoCoerce.invoke(PogoMetaMethodSite.java:198)
at org.codehaus.groovy.runtime.callsite.PogoMetaMethodSite.callCurrent(PogoMetaMethodSite.java:62)
at org.codehaus.groovy.runtime.callsite.AbstractCallSite.callCurrent(AbstractCallSite.java:185)
at io.restassured.internal.ResponseSpecificationImpl.statusCode(ResponseSpecificationImpl.groovy:135)
at io.restassured.specification.ResponseSpecification$statusCode$0.callCurrent(Unknown Source)
at io.restassured.internal.ResponseSpecificationImpl.statusCode(ResponseSpecificationImpl.groovy:143)
at io.restassured.internal.ValidatableResponseOptionsImpl.statusCode(ValidatableResponseOptionsImpl.java:89)
at user.stepDefinitions.User_StepDefinitions.admin_receives_a_status_code_bad_request(User_StepDefinitions.java:196)
at ✽.Admin receives a status code 400 bad request(file:///C:/Users/sudha/Desktop/Eclipse%20backup/UserAPI/src/test/resources/features/UserNegativeScenarios.feature:7)
]]>
            </full-stacktrace>
          </exception> <!-- java.lang.AssertionError -->
          <reporter-output>
          </reporter-output>
        </test-method> <!-- runScenario -->
        <test-method signature="runScenario(io.cucumber.testng.PickleWrapper,io.cucumber.testng.FeatureWrapper)[pri:0, instance:user.runner.TestRunner@17503f6b]" started-at="2024-06-25T17:39:15 EDT" name="runScenario" description="Runs Cucumber Scenarios" data-provider="scenarios" finished-at="2024-06-25T17:39:15 EDT" duration-ms="517" status="PASS">
          <params>
            <param index="0">
              <value>
                <![CDATA["Check User creation with invalid data"]]>
              </value>
            </param>
            <param index="1">
              <value>
                <![CDATA["User Negative Scenarios"]]>
              </value>
            </param>
          </params>
          <reporter-output>
          </reporter-output>
        </test-method> <!-- runScenario -->
        <test-method signature="runScenario(io.cucumber.testng.PickleWrapper,io.cucumber.testng.FeatureWrapper)[pri:0, instance:user.runner.TestRunner@17503f6b]" started-at="2024-06-25T17:39:15 EDT" name="runScenario" description="Runs Cucumber Scenarios" data-provider="scenarios" finished-at="2024-06-25T17:39:16 EDT" duration-ms="588" status="PASS">
          <params>
            <param index="0">
              <value>
                <![CDATA["Check User creation with invalid data"]]>
              </value>
            </param>
            <param index="1">
              <value>
                <![CDATA["User Negative Scenarios"]]>
              </value>
            </param>
          </params>
          <reporter-output>
          </reporter-output>
        </test-method> <!-- runScenario -->
        <test-method signature="runScenario(io.cucumber.testng.PickleWrapper,io.cucumber.testng.FeatureWrapper)[pri:0, instance:user.runner.TestRunner@17503f6b]" started-at="2024-06-25T17:39:16 EDT" name="runScenario" description="Runs Cucumber Scenarios" data-provider="scenarios" finished-at="2024-06-25T17:39:16 EDT" duration-ms="508" status="PASS">
          <params>
            <param index="0">
              <value>
                <![CDATA["Check User creation with invalid data"]]>
              </value>
            </param>
            <param index="1">
              <value>
                <![CDATA["User Negative Scenarios"]]>
              </value>
            </param>
          </params>
          <reporter-output>
          </reporter-output>
        </test-method> <!-- runScenario -->
        <test-method signature="runScenario(io.cucumber.testng.PickleWrapper,io.cucumber.testng.FeatureWrapper)[pri:0, instance:user.runner.TestRunner@17503f6b]" started-at="2024-06-25T17:39:16 EDT" name="runScenario" description="Runs Cucumber Scenarios" data-provider="scenarios" finished-at="2024-06-25T17:39:17 EDT" duration-ms="608" status="PASS">
          <params>
            <param index="0">
              <value>
                <![CDATA["Check User creation with invalid data"]]>
              </value>
            </param>
            <param index="1">
              <value>
                <![CDATA["User Negative Scenarios"]]>
              </value>
            </param>
          </params>
          <reporter-output>
          </reporter-output>
        </test-method> <!-- runScenario -->
        <test-method signature="runScenario(io.cucumber.testng.PickleWrapper,io.cucumber.testng.FeatureWrapper)[pri:0, instance:user.runner.TestRunner@17503f6b]" started-at="2024-06-25T17:39:17 EDT" name="runScenario" description="Runs Cucumber Scenarios" data-provider="scenarios" finished-at="2024-06-25T17:39:17 EDT" duration-ms="536" status="PASS">
          <params>
            <param index="0">
              <value>
                <![CDATA["Check User creation with invalid data"]]>
              </value>
            </param>
            <param index="1">
              <value>
                <![CDATA["User Negative Scenarios"]]>
              </value>
            </param>
          </params>
          <reporter-output>
          </reporter-output>
        </test-method> <!-- runScenario -->
        <test-method signature="runScenario(io.cucumber.testng.PickleWrapper,io.cucumber.testng.FeatureWrapper)[pri:0, instance:user.runner.TestRunner@17503f6b]" started-at="2024-06-25T17:39:17 EDT" name="runScenario" description="Runs Cucumber Scenarios" data-provider="scenarios" finished-at="2024-06-25T17:39:18 EDT" duration-ms="550" status="PASS">
          <params>
            <param index="0">
              <value>
                <![CDATA["Check User creation with invalid data"]]>
              </value>
            </param>
            <param index="1">
              <value>
                <![CDATA["User Negative Scenarios"]]>
              </value>
            </param>
          </params>
          <reporter-output>
          </reporter-output>
        </test-method> <!-- runScenario -->
        <test-method signature="runScenario(io.cucumber.testng.PickleWrapper,io.cucumber.testng.FeatureWrapper)[pri:0, instance:user.runner.TestRunner@17503f6b]" started-at="2024-06-25T17:39:18 EDT" name="runScenario" description="Runs Cucumber Scenarios" data-provider="scenarios" finished-at="2024-06-25T17:39:19 EDT" duration-ms="511" status="PASS">
          <params>
            <param index="0">
              <value>
                <![CDATA["Check User creation with invalid data"]]>
              </value>
            </param>
            <param index="1">
              <value>
                <![CDATA["User Negative Scenarios"]]>
              </value>
            </param>
          </params>
          <reporter-output>
          </reporter-output>
        </test-method> <!-- runScenario -->
        <test-method signature="runScenario(io.cucumber.testng.PickleWrapper,io.cucumber.testng.FeatureWrapper)[pri:0, instance:user.runner.TestRunner@17503f6b]" started-at="2024-06-25T17:39:19 EDT" name="runScenario" description="Runs Cucumber Scenarios" data-provider="scenarios" finished-at="2024-06-25T17:39:19 EDT" duration-ms="655" status="PASS">
          <params>
            <param index="0">
              <value>
                <![CDATA["Check User creation with invalid data"]]>
              </value>
            </param>
            <param index="1">
              <value>
                <![CDATA["User Negative Scenarios"]]>
              </value>
            </param>
          </params>
          <reporter-output>
          </reporter-output>
        </test-method> <!-- runScenario -->
        <test-method signature="runScenario(io.cucumber.testng.PickleWrapper,io.cucumber.testng.FeatureWrapper)[pri:0, instance:user.runner.TestRunner@17503f6b]" started-at="2024-06-25T17:39:19 EDT" name="runScenario" description="Runs Cucumber Scenarios" data-provider="scenarios" finished-at="2024-06-25T17:39:20 EDT" duration-ms="514" status="PASS">
          <params>
            <param index="0">
              <value>
                <![CDATA["Check User creation with invalid data"]]>
              </value>
            </param>
            <param index="1">
              <value>
                <![CDATA["User Negative Scenarios"]]>
              </value>
            </param>
          </params>
          <reporter-output>
          </reporter-output>
        </test-method> <!-- runScenario -->
        <test-method signature="runScenario(io.cucumber.testng.PickleWrapper,io.cucumber.testng.FeatureWrapper)[pri:0, instance:user.runner.TestRunner@17503f6b]" started-at="2024-06-25T17:39:20 EDT" name="runScenario" description="Runs Cucumber Scenarios" data-provider="scenarios" finished-at="2024-06-25T17:39:20 EDT" duration-ms="589" status="PASS">
          <params>
            <param index="0">
              <value>
                <![CDATA["Check User creation with invalid data"]]>
              </value>
            </param>
            <param index="1">
              <value>
                <![CDATA["User Negative Scenarios"]]>
              </value>
            </param>
          </params>
          <reporter-output>
          </reporter-output>
        </test-method> <!-- runScenario -->
        <test-method signature="runScenario(io.cucumber.testng.PickleWrapper,io.cucumber.testng.FeatureWrapper)[pri:0, instance:user.runner.TestRunner@17503f6b]" started-at="2024-06-25T17:39:20 EDT" name="runScenario" description="Runs Cucumber Scenarios" data-provider="scenarios" finished-at="2024-06-25T17:39:21 EDT" duration-ms="490" status="PASS">
          <params>
            <param index="0">
              <value>
                <![CDATA["Check User creation with invalid data"]]>
              </value>
            </param>
            <param index="1">
              <value>
                <![CDATA["User Negative Scenarios"]]>
              </value>
            </param>
          </params>
          <reporter-output>
          </reporter-output>
        </test-method> <!-- runScenario -->
        <test-method signature="runScenario(io.cucumber.testng.PickleWrapper,io.cucumber.testng.FeatureWrapper)[pri:0, instance:user.runner.TestRunner@17503f6b]" started-at="2024-06-25T17:39:21 EDT" name="runScenario" description="Runs Cucumber Scenarios" data-provider="scenarios" finished-at="2024-06-25T17:39:21 EDT" duration-ms="598" status="PASS">
          <params>
            <param index="0">
              <value>
                <![CDATA["Check User creation with invalid data"]]>
              </value>
            </param>
            <param index="1">
              <value>
                <![CDATA["User Negative Scenarios"]]>
              </value>
            </param>
          </params>
          <reporter-output>
          </reporter-output>
        </test-method> <!-- runScenario -->
        <test-method signature="runScenario(io.cucumber.testng.PickleWrapper,io.cucumber.testng.FeatureWrapper)[pri:0, instance:user.runner.TestRunner@17503f6b]" started-at="2024-06-25T17:39:21 EDT" name="runScenario" description="Runs Cucumber Scenarios" data-provider="scenarios" finished-at="2024-06-25T17:39:22 EDT" duration-ms="557" status="PASS">
          <params>
            <param index="0">
              <value>
                <![CDATA["Check User creation with invalid data"]]>
              </value>
            </param>
            <param index="1">
              <value>
                <![CDATA["User Negative Scenarios"]]>
              </value>
            </param>
          </params>
          <reporter-output>
          </reporter-output>
        </test-method> <!-- runScenario -->
        <test-method signature="runScenario(io.cucumber.testng.PickleWrapper,io.cucumber.testng.FeatureWrapper)[pri:0, instance:user.runner.TestRunner@17503f6b]" started-at="2024-06-25T17:39:22 EDT" name="runScenario" description="Runs Cucumber Scenarios" data-provider="scenarios" finished-at="2024-06-25T17:39:23 EDT" duration-ms="541" status="PASS">
          <params>
            <param index="0">
              <value>
                <![CDATA["Check User creation with invalid data"]]>
              </value>
            </param>
            <param index="1">
              <value>
                <![CDATA["User Negative Scenarios"]]>
              </value>
            </param>
          </params>
          <reporter-output>
          </reporter-output>
        </test-method> <!-- runScenario -->
        <test-method signature="runScenario(io.cucumber.testng.PickleWrapper,io.cucumber.testng.FeatureWrapper)[pri:0, instance:user.runner.TestRunner@17503f6b]" started-at="2024-06-25T17:39:23 EDT" name="runScenario" description="Runs Cucumber Scenarios" data-provider="scenarios" finished-at="2024-06-25T17:39:23 EDT" duration-ms="593" status="PASS">
          <params>
            <param index="0">
              <value>
                <![CDATA["Check User creation with invalid data"]]>
              </value>
            </param>
            <param index="1">
              <value>
                <![CDATA["User Negative Scenarios"]]>
              </value>
            </param>
          </params>
          <reporter-output>
          </reporter-output>
        </test-method> <!-- runScenario -->
        <test-method signature="runScenario(io.cucumber.testng.PickleWrapper,io.cucumber.testng.FeatureWrapper)[pri:0, instance:user.runner.TestRunner@17503f6b]" started-at="2024-06-25T17:39:23 EDT" name="runScenario" description="Runs Cucumber Scenarios" data-provider="scenarios" finished-at="2024-06-25T17:39:24 EDT" duration-ms="494" status="PASS">
          <params>
            <param index="0">
              <value>
                <![CDATA["Check User creation with invalid data"]]>
              </value>
            </param>
            <param index="1">
              <value>
                <![CDATA["User Negative Scenarios"]]>
              </value>
            </param>
          </params>
          <reporter-output>
          </reporter-output>
        </test-method> <!-- runScenario -->
        <test-method signature="runScenario(io.cucumber.testng.PickleWrapper,io.cucumber.testng.FeatureWrapper)[pri:0, instance:user.runner.TestRunner@17503f6b]" started-at="2024-06-25T17:39:24 EDT" name="runScenario" description="Runs Cucumber Scenarios" data-provider="scenarios" finished-at="2024-06-25T17:39:24 EDT" duration-ms="510" status="PASS">
          <params>
            <param index="0">
              <value>
                <![CDATA["Check User creation with invalid data"]]>
              </value>
            </param>
            <param index="1">
              <value>
                <![CDATA["User Negative Scenarios"]]>
              </value>
            </param>
          </params>
          <reporter-output>
          </reporter-output>
        </test-method> <!-- runScenario -->
        <test-method signature="runScenario(io.cucumber.testng.PickleWrapper,io.cucumber.testng.FeatureWrapper)[pri:0, instance:user.runner.TestRunner@17503f6b]" started-at="2024-06-25T17:39:24 EDT" name="runScenario" description="Runs Cucumber Scenarios" data-provider="scenarios" finished-at="2024-06-25T17:39:26 EDT" duration-ms="1641" status="PASS">
          <params>
            <param index="0">
              <value>
                <![CDATA["Check User creation with invalid data"]]>
              </value>
            </param>
            <param index="1">
              <value>
                <![CDATA["User Negative Scenarios"]]>
              </value>
            </param>
          </params>
          <reporter-output>
          </reporter-output>
        </test-method> <!-- runScenario -->
        <test-method signature="runScenario(io.cucumber.testng.PickleWrapper,io.cucumber.testng.FeatureWrapper)[pri:0, instance:user.runner.TestRunner@17503f6b]" started-at="2024-06-25T17:39:26 EDT" name="runScenario" description="Runs Cucumber Scenarios" data-provider="scenarios" finished-at="2024-06-25T17:39:26 EDT" duration-ms="610" status="PASS">
          <params>
            <param index="0">
              <value>
                <![CDATA["Check User creation with invalid data"]]>
              </value>
            </param>
            <param index="1">
              <value>
                <![CDATA["User Negative Scenarios"]]>
              </value>
            </param>
          </params>
          <reporter-output>
          </reporter-output>
        </test-method> <!-- runScenario -->
        <test-method signature="runScenario(io.cucumber.testng.PickleWrapper,io.cucumber.testng.FeatureWrapper)[pri:0, instance:user.runner.TestRunner@17503f6b]" started-at="2024-06-25T17:39:26 EDT" name="runScenario" description="Runs Cucumber Scenarios" data-provider="scenarios" finished-at="2024-06-25T17:39:27 EDT" duration-ms="519" status="PASS">
          <params>
            <param index="0">
              <value>
                <![CDATA["Check User creation with invalid data"]]>
              </value>
            </param>
            <param index="1">
              <value>
                <![CDATA["User Negative Scenarios"]]>
              </value>
            </param>
          </params>
          <reporter-output>
          </reporter-output>
        </test-method> <!-- runScenario -->
        <test-method signature="runScenario(io.cucumber.testng.PickleWrapper,io.cucumber.testng.FeatureWrapper)[pri:0, instance:user.runner.TestRunner@17503f6b]" started-at="2024-06-25T17:39:27 EDT" name="runScenario" description="Runs Cucumber Scenarios" data-provider="scenarios" finished-at="2024-06-25T17:39:27 EDT" duration-ms="602" status="PASS">
          <params>
            <param index="0">
              <value>
                <![CDATA["Check User creation with invalid data"]]>
              </value>
            </param>
            <param index="1">
              <value>
                <![CDATA["User Negative Scenarios"]]>
              </value>
            </param>
          </params>
          <reporter-output>
          </reporter-output>
        </test-method> <!-- runScenario -->
        <test-method signature="runScenario(io.cucumber.testng.PickleWrapper,io.cucumber.testng.FeatureWrapper)[pri:0, instance:user.runner.TestRunner@17503f6b]" started-at="2024-06-25T17:39:28 EDT" name="runScenario" description="Runs Cucumber Scenarios" data-provider="scenarios" finished-at="2024-06-25T17:39:28 EDT" duration-ms="694" status="PASS">
          <params>
            <param index="0">
              <value>
                <![CDATA["Verify that the Admin creates a new User with valid credentials"]]>
              </value>
            </param>
            <param index="1">
              <value>
                <![CDATA["User Negative Scenarios"]]>
              </value>
            </param>
          </params>
          <reporter-output>
          </reporter-output>
        </test-method> <!-- runScenario -->
        <test-method signature="runScenario(io.cucumber.testng.PickleWrapper,io.cucumber.testng.FeatureWrapper)[pri:0, instance:user.runner.TestRunner@17503f6b]" started-at="2024-06-25T17:39:28 EDT" name="runScenario" description="Runs Cucumber Scenarios" data-provider="scenarios" finished-at="2024-06-25T17:39:29 EDT" duration-ms="509" status="PASS">
          <params>
            <param index="0">
              <value>
                <![CDATA["Check User Updation with invalid data"]]>
              </value>
            </param>
            <param index="1">
              <value>
                <![CDATA["User Negative Scenarios"]]>
              </value>
            </param>
          </params>
          <reporter-output>
          </reporter-output>
        </test-method> <!-- runScenario -->
        <test-method signature="runScenario(io.cucumber.testng.PickleWrapper,io.cucumber.testng.FeatureWrapper)[pri:0, instance:user.runner.TestRunner@17503f6b]" started-at="2024-06-25T17:39:29 EDT" name="runScenario" description="Runs Cucumber Scenarios" data-provider="scenarios" finished-at="2024-06-25T17:39:29 EDT" duration-ms="646" status="PASS">
          <params>
            <param index="0">
              <value>
                <![CDATA["Check User Updation with invalid data"]]>
              </value>
            </param>
            <param index="1">
              <value>
                <![CDATA["User Negative Scenarios"]]>
              </value>
            </param>
          </params>
          <reporter-output>
          </reporter-output>
        </test-method> <!-- runScenario -->
        <test-method signature="runScenario(io.cucumber.testng.PickleWrapper,io.cucumber.testng.FeatureWrapper)[pri:0, instance:user.runner.TestRunner@17503f6b]" started-at="2024-06-25T17:39:29 EDT" name="runScenario" description="Runs Cucumber Scenarios" data-provider="scenarios" finished-at="2024-06-25T17:39:30 EDT" duration-ms="536" status="PASS">
          <params>
            <param index="0">
              <value>
                <![CDATA["Check User Updation with invalid data"]]>
              </value>
            </param>
            <param index="1">
              <value>
                <![CDATA["User Negative Scenarios"]]>
              </value>
            </param>
          </params>
          <reporter-output>
          </reporter-output>
        </test-method> <!-- runScenario -->
        <test-method signature="runScenario(io.cucumber.testng.PickleWrapper,io.cucumber.testng.FeatureWrapper)[pri:0, instance:user.runner.TestRunner@17503f6b]" started-at="2024-06-25T17:39:30 EDT" name="runScenario" description="Runs Cucumber Scenarios" data-provider="scenarios" finished-at="2024-06-25T17:39:30 EDT" duration-ms="583" status="PASS">
          <params>
            <param index="0">
              <value>
                <![CDATA["Check User Updation with invalid data"]]>
              </value>
            </param>
            <param index="1">
              <value>
                <![CDATA["User Negative Scenarios"]]>
              </value>
            </param>
          </params>
          <reporter-output>
          </reporter-output>
        </test-method> <!-- runScenario -->
        <test-method signature="runScenario(io.cucumber.testng.PickleWrapper,io.cucumber.testng.FeatureWrapper)[pri:0, instance:user.runner.TestRunner@17503f6b]" started-at="2024-06-25T17:39:30 EDT" name="runScenario" description="Runs Cucumber Scenarios" data-provider="scenarios" finished-at="2024-06-25T17:39:31 EDT" duration-ms="715" status="PASS">
          <params>
            <param index="0">
              <value>
                <![CDATA["Check User Updation with invalid data"]]>
              </value>
            </param>
            <param index="1">
              <value>
                <![CDATA["User Negative Scenarios"]]>
              </value>
            </param>
          </params>
          <reporter-output>
          </reporter-output>
        </test-method> <!-- runScenario -->
        <test-method signature="runScenario(io.cucumber.testng.PickleWrapper,io.cucumber.testng.FeatureWrapper)[pri:0, instance:user.runner.TestRunner@17503f6b]" started-at="2024-06-25T17:39:31 EDT" name="runScenario" description="Runs Cucumber Scenarios" data-provider="scenarios" finished-at="2024-06-25T17:39:32 EDT" duration-ms="919" status="PASS">
          <params>
            <param index="0">
              <value>
                <![CDATA["Check User Updation with invalid data"]]>
              </value>
            </param>
            <param index="1">
              <value>
                <![CDATA["User Negative Scenarios"]]>
              </value>
            </param>
          </params>
          <reporter-output>
          </reporter-output>
        </test-method> <!-- runScenario -->
        <test-method signature="runScenario(io.cucumber.testng.PickleWrapper,io.cucumber.testng.FeatureWrapper)[pri:0, instance:user.runner.TestRunner@17503f6b]" started-at="2024-06-25T17:39:32 EDT" name="runScenario" description="Runs Cucumber Scenarios" data-provider="scenarios" finished-at="2024-06-25T17:39:33 EDT" duration-ms="609" status="PASS">
          <params>
            <param index="0">
              <value>
                <![CDATA["Check User Updation with invalid data"]]>
              </value>
            </param>
            <param index="1">
              <value>
                <![CDATA["User Negative Scenarios"]]>
              </value>
            </param>
          </params>
          <reporter-output>
          </reporter-output>
        </test-method> <!-- runScenario -->
        <test-method signature="runScenario(io.cucumber.testng.PickleWrapper,io.cucumber.testng.FeatureWrapper)[pri:0, instance:user.runner.TestRunner@17503f6b]" started-at="2024-06-25T17:39:33 EDT" name="runScenario" description="Runs Cucumber Scenarios" data-provider="scenarios" finished-at="2024-06-25T17:39:33 EDT" duration-ms="506" status="PASS">
          <params>
            <param index="0">
              <value>
                <![CDATA["Check User Updation with invalid data"]]>
              </value>
            </param>
            <param index="1">
              <value>
                <![CDATA["User Negative Scenarios"]]>
              </value>
            </param>
          </params>
          <reporter-output>
          </reporter-output>
        </test-method> <!-- runScenario -->
        <test-method signature="runScenario(io.cucumber.testng.PickleWrapper,io.cucumber.testng.FeatureWrapper)[pri:0, instance:user.runner.TestRunner@17503f6b]" started-at="2024-06-25T17:39:33 EDT" name="runScenario" description="Runs Cucumber Scenarios" data-provider="scenarios" finished-at="2024-06-25T17:39:34 EDT" duration-ms="615" status="PASS">
          <params>
            <param index="0">
              <value>
                <![CDATA["Check User Updation with invalid data"]]>
              </value>
            </param>
            <param index="1">
              <value>
                <![CDATA["User Negative Scenarios"]]>
              </value>
            </param>
          </params>
          <reporter-output>
          </reporter-output>
        </test-method> <!-- runScenario -->
        <test-method signature="runScenario(io.cucumber.testng.PickleWrapper,io.cucumber.testng.FeatureWrapper)[pri:0, instance:user.runner.TestRunner@17503f6b]" started-at="2024-06-25T17:39:34 EDT" name="runScenario" description="Runs Cucumber Scenarios" data-provider="scenarios" finished-at="2024-06-25T17:39:34 EDT" duration-ms="600" status="PASS">
          <params>
            <param index="0">
              <value>
                <![CDATA["Check User Updation with invalid data"]]>
              </value>
            </param>
            <param index="1">
              <value>
                <![CDATA["User Negative Scenarios"]]>
              </value>
            </param>
          </params>
          <reporter-output>
          </reporter-output>
        </test-method> <!-- runScenario -->
        <test-method signature="runScenario(io.cucumber.testng.PickleWrapper,io.cucumber.testng.FeatureWrapper)[pri:0, instance:user.runner.TestRunner@17503f6b]" started-at="2024-06-25T17:39:34 EDT" name="runScenario" description="Runs Cucumber Scenarios" data-provider="scenarios" finished-at="2024-06-25T17:39:34 EDT" duration-ms="32" status="FAIL">
          <params>
            <param index="0">
              <value>
                <![CDATA["Check User Updation with invalid data"]]>
              </value>
            </param>
            <param index="1">
              <value>
                <![CDATA["User Negative Scenarios"]]>
              </value>
            </param>
          </params>
          <exception class="java.lang.NumberFormatException">
            <message>
              <![CDATA[For input string: "$%^^&&&$"]]>
            </message>
            <full-stacktrace>
              <![CDATA[java.lang.NumberFormatException: For input string: "$%^^&&&$"
at java.base/java.lang.NumberFormatException.forInputString(NumberFormatException.java:67)
at java.base/java.lang.Long.parseLong(Long.java:694)
at java.base/java.lang.Long.parseLong(Long.java:831)
at user.stepDefinitions.User_StepDefinitions.admin_sends_put_request_with_invalid_data_from_sheet_and_rownum(User_StepDefinitions.java:217)
at ✽.Admin sends put request with invalid data from sheet "InvalidData" and rownum 10(file:///C:/Users/sudha/Desktop/Eclipse%20backup/UserAPI/src/test/resources/features/UserNegativeScenarios.feature:58)
]]>
            </full-stacktrace>
          </exception> <!-- java.lang.NumberFormatException -->
          <reporter-output>
          </reporter-output>
        </test-method> <!-- runScenario -->
        <test-method signature="runScenario(io.cucumber.testng.PickleWrapper,io.cucumber.testng.FeatureWrapper)[pri:0, instance:user.runner.TestRunner@17503f6b]" started-at="2024-06-25T17:39:34 EDT" name="runScenario" description="Runs Cucumber Scenarios" data-provider="scenarios" finished-at="2024-06-25T17:39:35 EDT" duration-ms="39" status="FAIL">
          <params>
            <param index="0">
              <value>
                <![CDATA["Check User Updation with invalid data"]]>
              </value>
            </param>
            <param index="1">
              <value>
                <![CDATA["User Negative Scenarios"]]>
              </value>
            </param>
          </params>
          <exception class="java.lang.NumberFormatException">
            <message>
              <![CDATA[For input string: ""]]>
            </message>
            <full-stacktrace>
              <![CDATA[java.lang.NumberFormatException: For input string: ""
at java.base/java.lang.NumberFormatException.forInputString(NumberFormatException.java:67)
at java.base/java.lang.Long.parseLong(Long.java:718)
at java.base/java.lang.Long.parseLong(Long.java:831)
at user.stepDefinitions.User_StepDefinitions.admin_sends_put_request_with_invalid_data_from_sheet_and_rownum(User_StepDefinitions.java:217)
at ✽.Admin sends put request with invalid data from sheet "InvalidData" and rownum 11(file:///C:/Users/sudha/Desktop/Eclipse%20backup/UserAPI/src/test/resources/features/UserNegativeScenarios.feature:58)
]]>
            </full-stacktrace>
          </exception> <!-- java.lang.NumberFormatException -->
          <reporter-output>
          </reporter-output>
        </test-method> <!-- runScenario -->
        <test-method signature="runScenario(io.cucumber.testng.PickleWrapper,io.cucumber.testng.FeatureWrapper)[pri:0, instance:user.runner.TestRunner@17503f6b]" started-at="2024-06-25T17:39:35 EDT" name="runScenario" description="Runs Cucumber Scenarios" data-provider="scenarios" finished-at="2024-06-25T17:39:35 EDT" duration-ms="498" status="PASS">
          <params>
            <param index="0">
              <value>
                <![CDATA["Check User Updation with invalid data"]]>
              </value>
            </param>
            <param index="1">
              <value>
                <![CDATA["User Negative Scenarios"]]>
              </value>
            </param>
          </params>
          <reporter-output>
          </reporter-output>
        </test-method> <!-- runScenario -->
        <test-method signature="runScenario(io.cucumber.testng.PickleWrapper,io.cucumber.testng.FeatureWrapper)[pri:0, instance:user.runner.TestRunner@17503f6b]" started-at="2024-06-25T17:39:35 EDT" name="runScenario" description="Runs Cucumber Scenarios" data-provider="scenarios" finished-at="2024-06-25T17:39:35 EDT" duration-ms="37" status="FAIL">
          <params>
            <param index="0">
              <value>
                <![CDATA["Check User Updation with invalid data"]]>
              </value>
            </param>
            <param index="1">
              <value>
                <![CDATA["User Negative Scenarios"]]>
              </value>
            </param>
          </params>
          <exception class="java.lang.NumberFormatException">
            <message>
              <![CDATA[For input string: "abcd40670"]]>
            </message>
            <full-stacktrace>
              <![CDATA[java.lang.NumberFormatException: For input string: "abcd40670"
at java.base/java.lang.NumberFormatException.forInputString(NumberFormatException.java:67)
at java.base/java.lang.Long.parseLong(Long.java:708)
at java.base/java.lang.Long.parseLong(Long.java:831)
at user.stepDefinitions.User_StepDefinitions.admin_sends_put_request_with_invalid_data_from_sheet_and_rownum(User_StepDefinitions.java:217)
at ✽.Admin sends put request with invalid data from sheet "InvalidData" and rownum 13(file:///C:/Users/sudha/Desktop/Eclipse%20backup/UserAPI/src/test/resources/features/UserNegativeScenarios.feature:58)
]]>
            </full-stacktrace>
          </exception> <!-- java.lang.NumberFormatException -->
          <reporter-output>
          </reporter-output>
        </test-method> <!-- runScenario -->
        <test-method signature="runScenario(io.cucumber.testng.PickleWrapper,io.cucumber.testng.FeatureWrapper)[pri:0, instance:user.runner.TestRunner@17503f6b]" started-at="2024-06-25T17:39:35 EDT" name="runScenario" description="Runs Cucumber Scenarios" data-provider="scenarios" finished-at="2024-06-25T17:39:36 EDT" duration-ms="629" status="PASS">
          <params>
            <param index="0">
              <value>
                <![CDATA["Check User Updation with invalid data"]]>
              </value>
            </param>
            <param index="1">
              <value>
                <![CDATA["User Negative Scenarios"]]>
              </value>
            </param>
          </params>
          <reporter-output>
          </reporter-output>
        </test-method> <!-- runScenario -->
        <test-method signature="runScenario(io.cucumber.testng.PickleWrapper,io.cucumber.testng.FeatureWrapper)[pri:0, instance:user.runner.TestRunner@17503f6b]" started-at="2024-06-25T17:39:36 EDT" name="runScenario" description="Runs Cucumber Scenarios" data-provider="scenarios" finished-at="2024-06-25T17:39:37 EDT" duration-ms="818" status="PASS">
          <params>
            <param index="0">
              <value>
                <![CDATA["Check User Updation with invalid data"]]>
              </value>
            </param>
            <param index="1">
              <value>
                <![CDATA["User Negative Scenarios"]]>
              </value>
            </param>
          </params>
          <reporter-output>
          </reporter-output>
        </test-method> <!-- runScenario -->
        <test-method signature="runScenario(io.cucumber.testng.PickleWrapper,io.cucumber.testng.FeatureWrapper)[pri:0, instance:user.runner.TestRunner@17503f6b]" started-at="2024-06-25T17:39:37 EDT" name="runScenario" description="Runs Cucumber Scenarios" data-provider="scenarios" finished-at="2024-06-25T17:39:37 EDT" duration-ms="527" status="PASS">
          <params>
            <param index="0">
              <value>
                <![CDATA["Check User Updation with invalid data"]]>
              </value>
            </param>
            <param index="1">
              <value>
                <![CDATA["User Negative Scenarios"]]>
              </value>
            </param>
          </params>
          <reporter-output>
          </reporter-output>
        </test-method> <!-- runScenario -->
        <test-method signature="runScenario(io.cucumber.testng.PickleWrapper,io.cucumber.testng.FeatureWrapper)[pri:0, instance:user.runner.TestRunner@17503f6b]" started-at="2024-06-25T17:39:37 EDT" name="runScenario" description="Runs Cucumber Scenarios" data-provider="scenarios" finished-at="2024-06-25T17:39:38 EDT" duration-ms="590" status="PASS">
          <params>
            <param index="0">
              <value>
                <![CDATA["Check User Updation with invalid data"]]>
              </value>
            </param>
            <param index="1">
              <value>
                <![CDATA["User Negative Scenarios"]]>
              </value>
            </param>
          </params>
          <reporter-output>
          </reporter-output>
        </test-method> <!-- runScenario -->
        <test-method signature="runScenario(io.cucumber.testng.PickleWrapper,io.cucumber.testng.FeatureWrapper)[pri:0, instance:user.runner.TestRunner@17503f6b]" started-at="2024-06-25T17:39:38 EDT" name="runScenario" description="Runs Cucumber Scenarios" data-provider="scenarios" finished-at="2024-06-25T17:39:38 EDT" duration-ms="508" status="PASS">
          <params>
            <param index="0">
              <value>
                <![CDATA["Check User Updation with invalid data"]]>
              </value>
            </param>
            <param index="1">
              <value>
                <![CDATA["User Negative Scenarios"]]>
              </value>
            </param>
          </params>
          <reporter-output>
          </reporter-output>
        </test-method> <!-- runScenario -->
        <test-method signature="runScenario(io.cucumber.testng.PickleWrapper,io.cucumber.testng.FeatureWrapper)[pri:0, instance:user.runner.TestRunner@17503f6b]" started-at="2024-06-25T17:39:38 EDT" name="runScenario" description="Runs Cucumber Scenarios" data-provider="scenarios" finished-at="2024-06-25T17:39:39 EDT" duration-ms="542" status="PASS">
          <params>
            <param index="0">
              <value>
                <![CDATA["Check User Updation with invalid data"]]>
              </value>
            </param>
            <param index="1">
              <value>
                <![CDATA["User Negative Scenarios"]]>
              </value>
            </param>
          </params>
          <reporter-output>
          </reporter-output>
        </test-method> <!-- runScenario -->
        <test-method signature="runScenario(io.cucumber.testng.PickleWrapper,io.cucumber.testng.FeatureWrapper)[pri:0, instance:user.runner.TestRunner@17503f6b]" started-at="2024-06-25T17:39:39 EDT" name="runScenario" description="Runs Cucumber Scenarios" data-provider="scenarios" finished-at="2024-06-25T17:39:39 EDT" duration-ms="582" status="PASS">
          <params>
            <param index="0">
              <value>
                <![CDATA["Check User Updation with invalid data"]]>
              </value>
            </param>
            <param index="1">
              <value>
                <![CDATA["User Negative Scenarios"]]>
              </value>
            </param>
          </params>
          <reporter-output>
          </reporter-output>
        </test-method> <!-- runScenario -->
        <test-method signature="runScenario(io.cucumber.testng.PickleWrapper,io.cucumber.testng.FeatureWrapper)[pri:0, instance:user.runner.TestRunner@17503f6b]" started-at="2024-06-25T17:39:39 EDT" name="runScenario" description="Runs Cucumber Scenarios" data-provider="scenarios" finished-at="2024-06-25T17:39:40 EDT" duration-ms="500" status="PASS">
          <params>
            <param index="0">
              <value>
                <![CDATA["Check User Updation with invalid data"]]>
              </value>
            </param>
            <param index="1">
              <value>
                <![CDATA["User Negative Scenarios"]]>
              </value>
            </param>
          </params>
          <reporter-output>
          </reporter-output>
        </test-method> <!-- runScenario -->
        <test-method signature="runScenario(io.cucumber.testng.PickleWrapper,io.cucumber.testng.FeatureWrapper)[pri:0, instance:user.runner.TestRunner@17503f6b]" started-at="2024-06-25T17:39:40 EDT" name="runScenario" description="Runs Cucumber Scenarios" data-provider="scenarios" finished-at="2024-06-25T17:39:40 EDT" duration-ms="489" status="PASS">
          <params>
            <param index="0">
              <value>
                <![CDATA["Check User Updation with invalid data"]]>
              </value>
            </param>
            <param index="1">
              <value>
                <![CDATA["User Negative Scenarios"]]>
              </value>
            </param>
          </params>
          <reporter-output>
          </reporter-output>
        </test-method> <!-- runScenario -->
        <test-method signature="runScenario(io.cucumber.testng.PickleWrapper,io.cucumber.testng.FeatureWrapper)[pri:0, instance:user.runner.TestRunner@17503f6b]" started-at="2024-06-25T17:39:40 EDT" name="runScenario" description="Runs Cucumber Scenarios" data-provider="scenarios" finished-at="2024-06-25T17:39:41 EDT" duration-ms="510" status="PASS">
          <params>
            <param index="0">
              <value>
                <![CDATA["Check User Updation with invalid data"]]>
              </value>
            </param>
            <param index="1">
              <value>
                <![CDATA["User Negative Scenarios"]]>
              </value>
            </param>
          </params>
          <reporter-output>
          </reporter-output>
        </test-method> <!-- runScenario -->
        <test-method signature="runScenario(io.cucumber.testng.PickleWrapper,io.cucumber.testng.FeatureWrapper)[pri:0, instance:user.runner.TestRunner@17503f6b]" started-at="2024-06-25T17:39:41 EDT" name="runScenario" description="Runs Cucumber Scenarios" data-provider="scenarios" finished-at="2024-06-25T17:39:41 EDT" duration-ms="655" status="PASS">
          <params>
            <param index="0">
              <value>
                <![CDATA["Check User Updation with invalid data"]]>
              </value>
            </param>
            <param index="1">
              <value>
                <![CDATA["User Negative Scenarios"]]>
              </value>
            </param>
          </params>
          <reporter-output>
          </reporter-output>
        </test-method> <!-- runScenario -->
        <test-method signature="runScenario(io.cucumber.testng.PickleWrapper,io.cucumber.testng.FeatureWrapper)[pri:0, instance:user.runner.TestRunner@17503f6b]" started-at="2024-06-25T17:39:41 EDT" name="runScenario" description="Runs Cucumber Scenarios" data-provider="scenarios" finished-at="2024-06-25T17:39:42 EDT" duration-ms="816" status="PASS">
          <params>
            <param index="0">
              <value>
                <![CDATA["Check User Updation with invalid data"]]>
              </value>
            </param>
            <param index="1">
              <value>
                <![CDATA["User Negative Scenarios"]]>
              </value>
            </param>
          </params>
          <reporter-output>
          </reporter-output>
        </test-method> <!-- runScenario -->
        <test-method signature="runScenario(io.cucumber.testng.PickleWrapper,io.cucumber.testng.FeatureWrapper)[pri:0, instance:user.runner.TestRunner@17503f6b]" started-at="2024-06-25T17:39:42 EDT" name="runScenario" description="Runs Cucumber Scenarios" data-provider="scenarios" finished-at="2024-06-25T17:39:43 EDT" duration-ms="516" status="PASS">
          <params>
            <param index="0">
              <value>
                <![CDATA["Check User Updation with invalid data"]]>
              </value>
            </param>
            <param index="1">
              <value>
                <![CDATA["User Negative Scenarios"]]>
              </value>
            </param>
          </params>
          <reporter-output>
          </reporter-output>
        </test-method> <!-- runScenario -->
        <test-method signature="runScenario(io.cucumber.testng.PickleWrapper,io.cucumber.testng.FeatureWrapper)[pri:0, instance:user.runner.TestRunner@17503f6b]" started-at="2024-06-25T17:39:43 EDT" name="runScenario" description="Runs Cucumber Scenarios" data-provider="scenarios" finished-at="2024-06-25T17:39:43 EDT" duration-ms="565" status="PASS">
          <params>
            <param index="0">
              <value>
                <![CDATA["Check User Updation with invalid data"]]>
              </value>
            </param>
            <param index="1">
              <value>
                <![CDATA["User Negative Scenarios"]]>
              </value>
            </param>
          </params>
          <reporter-output>
          </reporter-output>
        </test-method> <!-- runScenario -->
        <test-method signature="runScenario(io.cucumber.testng.PickleWrapper,io.cucumber.testng.FeatureWrapper)[pri:0, instance:user.runner.TestRunner@17503f6b]" started-at="2024-06-25T17:39:43 EDT" name="runScenario" description="Runs Cucumber Scenarios" data-provider="scenarios" finished-at="2024-06-25T17:39:44 EDT" duration-ms="523" status="PASS">
          <params>
            <param index="0">
              <value>
                <![CDATA["Check User Updation with invalid data"]]>
              </value>
            </param>
            <param index="1">
              <value>
                <![CDATA["User Negative Scenarios"]]>
              </value>
            </param>
          </params>
          <reporter-output>
          </reporter-output>
        </test-method> <!-- runScenario -->
        <test-method signature="runScenario(io.cucumber.testng.PickleWrapper,io.cucumber.testng.FeatureWrapper)[pri:0, instance:user.runner.TestRunner@17503f6b]" started-at="2024-06-25T17:39:44 EDT" name="runScenario" description="Runs Cucumber Scenarios" data-provider="scenarios" finished-at="2024-06-25T17:39:45 EDT" duration-ms="733" status="PASS">
          <params>
            <param index="0">
              <value>
                <![CDATA["Check User Updation with invalid data"]]>
              </value>
            </param>
            <param index="1">
              <value>
                <![CDATA["User Negative Scenarios"]]>
              </value>
            </param>
          </params>
          <reporter-output>
          </reporter-output>
        </test-method> <!-- runScenario -->
        <test-method signature="runScenario(io.cucumber.testng.PickleWrapper,io.cucumber.testng.FeatureWrapper)[pri:0, instance:user.runner.TestRunner@17503f6b]" started-at="2024-06-25T17:39:45 EDT" name="runScenario" description="Runs Cucumber Scenarios" data-provider="scenarios" finished-at="2024-06-25T17:39:45 EDT" duration-ms="483" status="PASS">
          <params>
            <param index="0">
              <value>
                <![CDATA["Check User Updation with invalid data"]]>
              </value>
            </param>
            <param index="1">
              <value>
                <![CDATA["User Negative Scenarios"]]>
              </value>
            </param>
          </params>
          <reporter-output>
          </reporter-output>
        </test-method> <!-- runScenario -->
        <test-method signature="runScenario(io.cucumber.testng.PickleWrapper,io.cucumber.testng.FeatureWrapper)[pri:0, instance:user.runner.TestRunner@17503f6b]" started-at="2024-06-25T17:39:45 EDT" name="runScenario" description="Runs Cucumber Scenarios" data-provider="scenarios" finished-at="2024-06-25T17:39:46 EDT" duration-ms="491" status="PASS">
          <params>
            <param index="0">
              <value>
                <![CDATA["Check User Updation with invalid data"]]>
              </value>
            </param>
            <param index="1">
              <value>
                <![CDATA["User Negative Scenarios"]]>
              </value>
            </param>
          </params>
          <reporter-output>
          </reporter-output>
        </test-method> <!-- runScenario -->
        <test-method signature="runScenario(io.cucumber.testng.PickleWrapper,io.cucumber.testng.FeatureWrapper)[pri:0, instance:user.runner.TestRunner@17503f6b]" started-at="2024-06-25T17:39:46 EDT" name="runScenario" description="Runs Cucumber Scenarios" data-provider="scenarios" finished-at="2024-06-25T17:39:46 EDT" duration-ms="561" status="PASS">
          <params>
            <param index="0">
              <value>
                <![CDATA["Check User Updation with invalid data"]]>
              </value>
            </param>
            <param index="1">
              <value>
                <![CDATA["User Negative Scenarios"]]>
              </value>
            </param>
          </params>
          <reporter-output>
          </reporter-output>
        </test-method> <!-- runScenario -->
        <test-method signature="runScenario(io.cucumber.testng.PickleWrapper,io.cucumber.testng.FeatureWrapper)[pri:0, instance:user.runner.TestRunner@17503f6b]" started-at="2024-06-25T17:39:46 EDT" name="runScenario" description="Runs Cucumber Scenarios" data-provider="scenarios" finished-at="2024-06-25T17:39:47 EDT" duration-ms="715" status="PASS">
          <params>
            <param index="0">
              <value>
                <![CDATA["Check User Updation with invalid data"]]>
              </value>
            </param>
            <param index="1">
              <value>
                <![CDATA["User Negative Scenarios"]]>
              </value>
            </param>
          </params>
          <reporter-output>
          </reporter-output>
        </test-method> <!-- runScenario -->
        <test-method signature="runScenario(io.cucumber.testng.PickleWrapper,io.cucumber.testng.FeatureWrapper)[pri:0, instance:user.runner.TestRunner@17503f6b]" started-at="2024-06-25T17:39:47 EDT" name="runScenario" description="Runs Cucumber Scenarios" data-provider="scenarios" finished-at="2024-06-25T17:39:47 EDT" duration-ms="615" status="PASS">
          <params>
            <param index="0">
              <value>
                <![CDATA["Check User Updation with invalid data"]]>
              </value>
            </param>
            <param index="1">
              <value>
                <![CDATA["User Negative Scenarios"]]>
              </value>
            </param>
          </params>
          <reporter-output>
          </reporter-output>
        </test-method> <!-- runScenario -->
        <test-method signature="runScenario(io.cucumber.testng.PickleWrapper,io.cucumber.testng.FeatureWrapper)[pri:0, instance:user.runner.TestRunner@17503f6b]" started-at="2024-06-25T17:39:47 EDT" name="runScenario" description="Runs Cucumber Scenarios" data-provider="scenarios" finished-at="2024-06-25T17:39:48 EDT" duration-ms="507" status="PASS">
          <params>
            <param index="0">
              <value>
                <![CDATA["Check User Updation with invalid data"]]>
              </value>
            </param>
            <param index="1">
              <value>
                <![CDATA["User Negative Scenarios"]]>
              </value>
            </param>
          </params>
          <reporter-output>
          </reporter-output>
        </test-method> <!-- runScenario -->
        <test-method signature="runScenario(io.cucumber.testng.PickleWrapper,io.cucumber.testng.FeatureWrapper)[pri:0, instance:user.runner.TestRunner@17503f6b]" started-at="2024-06-25T17:39:48 EDT" name="runScenario" description="Runs Cucumber Scenarios" data-provider="scenarios" finished-at="2024-06-25T17:39:48 EDT" duration-ms="511" status="PASS">
          <params>
            <param index="0">
              <value>
                <![CDATA["Check User Updation with invalid data"]]>
              </value>
            </param>
            <param index="1">
              <value>
                <![CDATA["User Negative Scenarios"]]>
              </value>
            </param>
          </params>
          <reporter-output>
          </reporter-output>
        </test-method> <!-- runScenario -->
        <test-method signature="runScenario(io.cucumber.testng.PickleWrapper,io.cucumber.testng.FeatureWrapper)[pri:0, instance:user.runner.TestRunner@17503f6b]" started-at="2024-06-25T17:39:48 EDT" name="runScenario" description="Runs Cucumber Scenarios" data-provider="scenarios" finished-at="2024-06-25T17:39:49 EDT" duration-ms="484" status="PASS">
          <params>
            <param index="0">
              <value>
                <![CDATA["Check User Updation with invalid data"]]>
              </value>
            </param>
            <param index="1">
              <value>
                <![CDATA["User Negative Scenarios"]]>
              </value>
            </param>
          </params>
          <reporter-output>
          </reporter-output>
        </test-method> <!-- runScenario -->
        <test-method signature="runScenario(io.cucumber.testng.PickleWrapper,io.cucumber.testng.FeatureWrapper)[pri:0, instance:user.runner.TestRunner@17503f6b]" started-at="2024-06-25T17:39:49 EDT" name="runScenario" description="Runs Cucumber Scenarios" data-provider="scenarios" finished-at="2024-06-25T17:39:49 EDT" duration-ms="475" status="PASS">
          <params>
            <param index="0">
              <value>
                <![CDATA["Admin able to delete a user with valid user first name"]]>
              </value>
            </param>
            <param index="1">
              <value>
                <![CDATA["User Negative Scenarios"]]>
              </value>
            </param>
          </params>
          <reporter-output>
          </reporter-output>
        </test-method> <!-- runScenario -->
        <test-method is-config="true" signature="tearDownClass()[pri:0, instance:user.runner.TestRunner@17503f6b]" started-at="2024-06-25T17:39:49 EDT" name="tearDownClass" finished-at="2024-06-25T17:39:54 EDT" duration-ms="4334" status="PASS">
          <reporter-output>
          </reporter-output>
        </test-method> <!-- tearDownClass -->
      </class> <!-- user.runner.TestRunner -->
    </test> <!-- Default test -->
  </suite> <!-- Default suite -->
</testng-results>
